0 info it worked if it ends with ok
1 verbose cli [ 'C:\\Program Files (x86)\\nodejs\\node.exe',
1 verbose cli   'C:\\Program Files (x86)\\nodejs\\node_modules\\npm\\bin\\npm-cli.js',
1 verbose cli   'run',
1 verbose cli   'start:dev' ]
2 info using npm@3.10.10
3 info using node@v6.10.1
4 verbose run-script [ 'prestart:dev', 'start:dev', 'poststart:dev' ]
5 info lifecycle natours@1.0.0~prestart:dev: natours@1.0.0
6 silly lifecycle natours@1.0.0~prestart:dev: no script for prestart:dev, continuing
7 info lifecycle natours@1.0.0~start:dev: natours@1.0.0
8 verbose lifecycle natours@1.0.0~start:dev: unsafe-perm in lifecycle true
9 verbose lifecycle natours@1.0.0~start:dev: PATH: C:\Program Files (x86)\nodejs\node_modules\npm\bin\node-gyp-bin;C:\Users\Devvrat Sharma\OneDrive - SPRY\Documents\Node\complete-node-bootcamp-master\4-natours\starter\node_modules\.bin;C:\Program Files\PowerShell\7-preview;C:\WINDOWS\system32;C:\WINDOWS;C:\WINDOWS\System32\Wbem;C:\WINDOWS\System32\WindowsPowerShell\v1.0\;C:\WINDOWS\System32\OpenSSH\;C:\ProgramData\chocolatey\bin;C:\HashiCorp\Vagrant\bin;C:\Program Files\Git\cmd;C:\ProgramData\chocolatey\lib\maven\apache-maven-3.9.3\bin;C:\Program Files\Microsoft VS Code\bin;C:\Program Files\MongoDB\Server\7.0\bin;C:\Users\Devvrat Sharma\Downloads\mongosh-2.0.0-win32-x64\bin;C:\Program Files\MySQL\MySQL Server 8.0\bin;C:\Program Files\MySQL\MySQL Shell 8.0\bin;%NVM_HOME%;%NVM_SYMLINK%;C:\Program Files\Amazon\AWSCLIV2\;C:\Program Files (x86)\nodejs\;C:\Program Files\PowerShell\7-preview\preview;C:\Program Files\MySQL\MySQL Shell 8.0\bin\;C:\Users\Devvrat Sharma\AppData\Local\Microsoft\WindowsApps;C:\Users\Devvrat Sharma\AppData\Local\Programs\Microsoft VS Code\bin;C:\Program Files\Oracle\VirtualBox;C:\nvm;C:\Program Files\nodejs;C:\Users\Devvrat Sharma\AppData\Roaming\npm
10 verbose lifecycle natours@1.0.0~start:dev: CWD: C:\Users\Devvrat Sharma\OneDrive - SPRY\Documents\Node\complete-node-bootcamp-master\4-natours\starter
11 silly lifecycle natours@1.0.0~start:dev: Args: [ '/d /s /c', 'nodemon server.js' ]
12 silly lifecycle natours@1.0.0~start:dev: Returned: code: 1  signal: null
13 info lifecycle natours@1.0.0~start:dev: Failed to exec start:dev script
14 verbose stack Error: natours@1.0.0 start:dev: `nodemon server.js`
14 verbose stack Exit status 1
14 verbose stack     at EventEmitter.<anonymous> (C:\Program Files (x86)\nodejs\node_modules\npm\lib\utils\lifecycle.js:255:16)
14 verbose stack     at emitTwo (events.js:106:13)
14 verbose stack     at EventEmitter.emit (events.js:191:7)
14 verbose stack     at ChildProcess.<anonymous> (C:\Program Files (x86)\nodejs\node_modules\npm\lib\utils\spawn.js:40:14)
14 verbose stack     at emitTwo (events.js:106:13)
14 verbose stack     at ChildProcess.emit (events.js:191:7)
14 verbose stack     at maybeClose (internal/child_process.js:886:16)
14 verbose stack     at Process.ChildProcess._handle.onexit (internal/child_process.js:226:5)
15 verbose pkgid natours@1.0.0
16 verbose cwd C:\Users\Devvrat Sharma\OneDrive - SPRY\Documents\Node\complete-node-bootcamp-master\4-natours\starter
17 error Windows_NT 10.0.22631
18 error argv "C:\\Program Files (x86)\\nodejs\\node.exe" "C:\\Program Files (x86)\\nodejs\\node_modules\\npm\\bin\\npm-cli.js" "run" "start:dev"
19 error node v6.10.1
20 error npm  v3.10.10
21 error code ELIFECYCLE
22 error natours@1.0.0 start:dev: `nodemon server.js`
22 error Exit status 1
23 error Failed at the natours@1.0.0 start:dev script 'nodemon server.js'.
23 error Make sure you have the latest version of node.js and npm installed.
23 error If you do, this is most likely a problem with the natours package,
23 error not with npm itself.
23 error Tell the author that this fails on your system:
23 error     nodemon server.js
23 error You can get information on how to open an issue for this project with:
23 error     npm bugs natours
23 error Or if that isn't available, you can get their info via:
23 error     npm owner ls natours
23 error There is likely additional logging output above.
24 verbose exit [ 1, true ]
